<?xml version="1.0" encoding="UTF-8"?>
<!-- Generated by org.testng.reporters.JUnitReportReporter -->
<testsuite hostname="mehers-MacBook-Air.local" failures="0" tests="4" name="TestingTrello.TrelloAPI" time="12.249" errors="0" timestamp="2023-06-18T13:56:19 IST" skipped="3">
  <testcase classname="TestingTrello.TrelloAPI" name="BT" time="12.249"/>
  <system-out/>
  <testcase classname="TestingTrello.TrelloAPI" name="CreateBoard">
    <skipped/>
  </testcase> <!-- CreateBoard -->
  <system-out/>
  <testcase classname="TestingTrello.TrelloAPI" name="getBoard">
    <skipped/>
  </testcase> <!-- getBoard -->
  <system-out/>
  <testcase classname="TestingTrello.TrelloAPI" name="DeleteBoard">
    <skipped/>
  </testcase> <!-- DeleteBoard -->
  <system-out/>
</testsuite> <!-- TestingTrello.TrelloAPI -->
